{
  "0 debug pnpm:scope": {
    "selected": 1,
    "workspacePrefix": "/Users/wanghaoyu/code/notes/vue"
  },
  "1 error pnpm": {
    "errno": 1,
    "code": "ELIFECYCLE",
    "pkgid": "@vue@1.0.0",
    "stage": "dev-global",
    "script": "node ./scripts/dev.js runtime-dom -f global",
    "pkgname": "@vue",
    "err": {
      "name": "pnpm",
      "message": "@vue@1.0.0 dev-global: `node ./scripts/dev.js runtime-dom -f global`\nExit status 1",
      "code": "ELIFECYCLE",
      "stack": "pnpm: @vue@1.0.0 dev-global: `node ./scripts/dev.js runtime-dom -f global`\nExit status 1\n    at EventEmitter.<anonymous> (/usr/local/lib/node_modules/pnpm/dist/pnpm.cjs:105736:20)\n    at EventEmitter.emit (events.js:400:28)\n    at ChildProcess.<anonymous> (/usr/local/lib/node_modules/pnpm/dist/pnpm.cjs:92297:18)\n    at ChildProcess.emit (events.js:400:28)\n    at maybeClose (internal/child_process.js:1055:16)\n    at Process.ChildProcess._handle.onexit (internal/child_process.js:288:5)"
    }
  },
  "2 warn pnpm:global": " Local package.json exists, but node_modules missing, did you mean to install?"
}